[0.061s] DEBUG:colcon:Command line arguments: ['/usr/bin/colcon', 'build', '--symlink-install']
[0.062s] DEBUG:colcon:Parsed command line arguments: Namespace(log_base=None, log_level=None, verb_name='build', build_base='build', install_base='install', merge_install=False, symlink_install=True, test_result_base=None, continue_on_error=False, executor='parallel', parallel_workers=16, event_handlers=None, ignore_user_meta=False, metas=['./colcon.meta'], base_paths=['.'], packages_ignore=None, packages_ignore_regex=None, paths=None, packages_up_to=None, packages_up_to_regex=None, packages_above=None, packages_above_and_dependencies=None, packages_above_depth=None, packages_select_by_dep=None, packages_skip_by_dep=None, packages_skip_up_to=None, packages_select_build_failed=False, packages_skip_build_finished=False, packages_select_test_failures=False, packages_skip_test_passed=False, packages_select=None, packages_skip=None, packages_select_regex=None, packages_skip_regex=None, packages_start=None, packages_end=None, allow_overriding=[], cmake_args=None, cmake_target=None, cmake_target_skip_unavailable=False, cmake_clean_cache=False, cmake_clean_first=False, cmake_force_configure=False, ament_cmake_args=None, catkin_cmake_args=None, catkin_skip_building_tests=False, mixin_files=None, mixin=None, verb_parser=<colcon_mixin.mixin.mixin_argument.MixinArgumentDecorator object at 0x72295c8b7170>, verb_extension=<colcon_core.verb.build.BuildVerb object at 0x72295c8b6bd0>, main=<bound method BuildVerb.main of <colcon_core.verb.build.BuildVerb object at 0x72295c8b6bd0>>, mixin_verb=('build',))
[0.105s] Level 1:colcon.colcon_core.package_discovery:discover_packages(colcon_meta) check parameters
[0.105s] Level 1:colcon.colcon_core.package_discovery:discover_packages(recursive) check parameters
[0.105s] Level 1:colcon.colcon_core.package_discovery:discover_packages(ignore) check parameters
[0.105s] Level 1:colcon.colcon_core.package_discovery:discover_packages(path) check parameters
[0.105s] Level 1:colcon.colcon_core.package_discovery:discover_packages(colcon_meta) discover
[0.105s] Level 1:colcon.colcon_core.package_discovery:discover_packages(recursive) discover
[0.105s] INFO:colcon.colcon_core.package_discovery:Crawling recursively for packages in '/home/carlos/mrad_ws_2609_echo'
[0.105s] Level 1:colcon.colcon_core.package_identification:_identify(.) by extensions ['ignore', 'ignore_ament_install']
[0.105s] Level 1:colcon.colcon_core.package_identification:_identify(.) by extension 'ignore'
[0.105s] Level 1:colcon.colcon_core.package_identification:_identify(.) by extension 'ignore_ament_install'
[0.105s] Level 1:colcon.colcon_core.package_identification:_identify(.) by extensions ['colcon_pkg']
[0.105s] Level 1:colcon.colcon_core.package_identification:_identify(.) by extension 'colcon_pkg'
[0.105s] Level 1:colcon.colcon_core.package_identification:_identify(.) by extensions ['colcon_meta']
[0.105s] Level 1:colcon.colcon_core.package_identification:_identify(.) by extension 'colcon_meta'
[0.105s] Level 1:colcon.colcon_core.package_identification:_identify(.) by extensions ['ros']
[0.105s] Level 1:colcon.colcon_core.package_identification:_identify(.) by extension 'ros'
[0.121s] Level 1:colcon.colcon_core.package_identification:_identify(.) by extensions ['cmake', 'python']
[0.121s] Level 1:colcon.colcon_core.package_identification:_identify(.) by extension 'cmake'
[0.121s] Level 1:colcon.colcon_core.package_identification:_identify(.) by extension 'python'
[0.121s] Level 1:colcon.colcon_core.package_identification:_identify(.) by extensions ['python_setup_py']
[0.121s] Level 1:colcon.colcon_core.package_identification:_identify(.) by extension 'python_setup_py'
[0.121s] Level 1:colcon.colcon_core.package_identification:_identify(build) by extensions ['ignore', 'ignore_ament_install']
[0.121s] Level 1:colcon.colcon_core.package_identification:_identify(build) by extension 'ignore'
[0.121s] Level 1:colcon.colcon_core.package_identification:_identify(build) ignored
[0.121s] Level 1:colcon.colcon_core.package_identification:_identify(install) by extensions ['ignore', 'ignore_ament_install']
[0.121s] Level 1:colcon.colcon_core.package_identification:_identify(install) by extension 'ignore'
[0.121s] Level 1:colcon.colcon_core.package_identification:_identify(install) ignored
[0.121s] Level 1:colcon.colcon_core.package_identification:_identify(log) by extensions ['ignore', 'ignore_ament_install']
[0.121s] Level 1:colcon.colcon_core.package_identification:_identify(log) by extension 'ignore'
[0.121s] Level 1:colcon.colcon_core.package_identification:_identify(log) ignored
[0.121s] Level 1:colcon.colcon_core.package_identification:_identify(src) by extensions ['ignore', 'ignore_ament_install']
[0.121s] Level 1:colcon.colcon_core.package_identification:_identify(src) by extension 'ignore'
[0.122s] Level 1:colcon.colcon_core.package_identification:_identify(src) by extension 'ignore_ament_install'
[0.122s] Level 1:colcon.colcon_core.package_identification:_identify(src) by extensions ['colcon_pkg']
[0.122s] Level 1:colcon.colcon_core.package_identification:_identify(src) by extension 'colcon_pkg'
[0.122s] Level 1:colcon.colcon_core.package_identification:_identify(src) by extensions ['colcon_meta']
[0.122s] Level 1:colcon.colcon_core.package_identification:_identify(src) by extension 'colcon_meta'
[0.122s] Level 1:colcon.colcon_core.package_identification:_identify(src) by extensions ['ros']
[0.122s] Level 1:colcon.colcon_core.package_identification:_identify(src) by extension 'ros'
[0.122s] Level 1:colcon.colcon_core.package_identification:_identify(src) by extensions ['cmake', 'python']
[0.122s] Level 1:colcon.colcon_core.package_identification:_identify(src) by extension 'cmake'
[0.122s] Level 1:colcon.colcon_core.package_identification:_identify(src) by extension 'python'
[0.122s] Level 1:colcon.colcon_core.package_identification:_identify(src) by extensions ['python_setup_py']
[0.122s] Level 1:colcon.colcon_core.package_identification:_identify(src) by extension 'python_setup_py'
[0.122s] Level 1:colcon.colcon_core.package_identification:_identify(src/echo_bringup) by extensions ['ignore', 'ignore_ament_install']
[0.122s] Level 1:colcon.colcon_core.package_identification:_identify(src/echo_bringup) by extension 'ignore'
[0.122s] Level 1:colcon.colcon_core.package_identification:_identify(src/echo_bringup) by extension 'ignore_ament_install'
[0.122s] Level 1:colcon.colcon_core.package_identification:_identify(src/echo_bringup) by extensions ['colcon_pkg']
[0.122s] Level 1:colcon.colcon_core.package_identification:_identify(src/echo_bringup) by extension 'colcon_pkg'
[0.122s] Level 1:colcon.colcon_core.package_identification:_identify(src/echo_bringup) by extensions ['colcon_meta']
[0.122s] Level 1:colcon.colcon_core.package_identification:_identify(src/echo_bringup) by extension 'colcon_meta'
[0.122s] Level 1:colcon.colcon_core.package_identification:_identify(src/echo_bringup) by extensions ['ros']
[0.122s] Level 1:colcon.colcon_core.package_identification:_identify(src/echo_bringup) by extension 'ros'
[0.123s] DEBUG:colcon.colcon_core.package_identification:Package 'src/echo_bringup' with type 'ros.ament_python' and name 'echo_bringup'
[0.123s] Level 1:colcon.colcon_core.package_identification:_identify(src/echo_control) by extensions ['ignore', 'ignore_ament_install']
[0.123s] Level 1:colcon.colcon_core.package_identification:_identify(src/echo_control) by extension 'ignore'
[0.123s] Level 1:colcon.colcon_core.package_identification:_identify(src/echo_control) by extension 'ignore_ament_install'
[0.123s] Level 1:colcon.colcon_core.package_identification:_identify(src/echo_control) by extensions ['colcon_pkg']
[0.123s] Level 1:colcon.colcon_core.package_identification:_identify(src/echo_control) by extension 'colcon_pkg'
[0.123s] Level 1:colcon.colcon_core.package_identification:_identify(src/echo_control) by extensions ['colcon_meta']
[0.123s] Level 1:colcon.colcon_core.package_identification:_identify(src/echo_control) by extension 'colcon_meta'
[0.123s] Level 1:colcon.colcon_core.package_identification:_identify(src/echo_control) by extensions ['ros']
[0.123s] Level 1:colcon.colcon_core.package_identification:_identify(src/echo_control) by extension 'ros'
[0.124s] DEBUG:colcon.colcon_core.package_identification:Package 'src/echo_control' with type 'ros.ament_cmake' and name 'echo_control'
[0.124s] Level 1:colcon.colcon_core.package_identification:_identify(src/echo_description) by extensions ['ignore', 'ignore_ament_install']
[0.124s] Level 1:colcon.colcon_core.package_identification:_identify(src/echo_description) by extension 'ignore'
[0.124s] Level 1:colcon.colcon_core.package_identification:_identify(src/echo_description) by extension 'ignore_ament_install'
[0.124s] Level 1:colcon.colcon_core.package_identification:_identify(src/echo_description) by extensions ['colcon_pkg']
[0.124s] Level 1:colcon.colcon_core.package_identification:_identify(src/echo_description) by extension 'colcon_pkg'
[0.124s] Level 1:colcon.colcon_core.package_identification:_identify(src/echo_description) by extensions ['colcon_meta']
[0.124s] Level 1:colcon.colcon_core.package_identification:_identify(src/echo_description) by extension 'colcon_meta'
[0.124s] Level 1:colcon.colcon_core.package_identification:_identify(src/echo_description) by extensions ['ros']
[0.124s] Level 1:colcon.colcon_core.package_identification:_identify(src/echo_description) by extension 'ros'
[0.124s] DEBUG:colcon.colcon_core.package_identification:Package 'src/echo_description' with type 'ros.ament_python' and name 'echo_description'
[0.124s] Level 1:colcon.colcon_core.package_identification:_identify(src/echo_gazebo) by extensions ['ignore', 'ignore_ament_install']
[0.124s] Level 1:colcon.colcon_core.package_identification:_identify(src/echo_gazebo) by extension 'ignore'
[0.124s] Level 1:colcon.colcon_core.package_identification:_identify(src/echo_gazebo) by extension 'ignore_ament_install'
[0.124s] Level 1:colcon.colcon_core.package_identification:_identify(src/echo_gazebo) by extensions ['colcon_pkg']
[0.124s] Level 1:colcon.colcon_core.package_identification:_identify(src/echo_gazebo) by extension 'colcon_pkg'
[0.124s] Level 1:colcon.colcon_core.package_identification:_identify(src/echo_gazebo) by extensions ['colcon_meta']
[0.124s] Level 1:colcon.colcon_core.package_identification:_identify(src/echo_gazebo) by extension 'colcon_meta'
[0.124s] Level 1:colcon.colcon_core.package_identification:_identify(src/echo_gazebo) by extensions ['ros']
[0.124s] Level 1:colcon.colcon_core.package_identification:_identify(src/echo_gazebo) by extension 'ros'
[0.125s] DEBUG:colcon.colcon_core.package_identification:Package 'src/echo_gazebo' with type 'ros.ament_python' and name 'echo_gazebo'
[0.125s] Level 1:colcon.colcon_core.package_discovery:discover_packages(recursive) using defaults
[0.125s] Level 1:colcon.colcon_core.package_discovery:discover_packages(ignore) discover
[0.125s] Level 1:colcon.colcon_core.package_discovery:discover_packages(ignore) using defaults
[0.125s] Level 1:colcon.colcon_core.package_discovery:discover_packages(path) discover
[0.125s] Level 1:colcon.colcon_core.package_discovery:discover_packages(path) using defaults
[0.138s] Level 1:colcon.colcon_core.package_discovery:discover_packages(prefix_path) check parameters
[0.138s] Level 1:colcon.colcon_core.package_discovery:discover_packages(prefix_path) discover
[0.139s] WARNING:colcon.colcon_ros.prefix_path.ament:The path '/home/carlos/mrad_ws_2609_echo/install/echo_gazebo' in the environment variable AMENT_PREFIX_PATH doesn't exist
[0.139s] WARNING:colcon.colcon_ros.prefix_path.ament:The path '/home/carlos/mrad_ws_2609_echo/install/echo_description' in the environment variable AMENT_PREFIX_PATH doesn't exist
[0.139s] WARNING:colcon.colcon_ros.prefix_path.ament:The path '/home/carlos/mrad_ws_2609_echo/install/echo_control' in the environment variable AMENT_PREFIX_PATH doesn't exist
[0.139s] WARNING:colcon.colcon_ros.prefix_path.ament:The path '/home/carlos/mrad_ws_2609_echo/install/echo_bringup' in the environment variable AMENT_PREFIX_PATH doesn't exist
[0.139s] WARNING:colcon.colcon_ros.prefix_path.catkin:The path '/home/carlos/mrad_ws_2609_echo/install/echo_control' in the environment variable CMAKE_PREFIX_PATH doesn't exist
[0.140s] DEBUG:colcon.colcon_installed_package_information.package_discovery:Found 0 installed packages in /home/carlos/mrad_ws_2609_echo/install
[0.141s] DEBUG:colcon.colcon_installed_package_information.package_discovery:Found 518 installed packages in /opt/ros/jazzy
[0.143s] Level 1:colcon.colcon_core.package_discovery:discover_packages(prefix_path) using defaults
[0.185s] Level 5:colcon.colcon_core.verb:set package 'echo_bringup' build argument 'cmake_args' from command line to 'None'
[0.185s] Level 5:colcon.colcon_core.verb:set package 'echo_bringup' build argument 'cmake_target' from command line to 'None'
[0.185s] Level 5:colcon.colcon_core.verb:set package 'echo_bringup' build argument 'cmake_target_skip_unavailable' from command line to 'False'
[0.185s] Level 5:colcon.colcon_core.verb:set package 'echo_bringup' build argument 'cmake_clean_cache' from command line to 'False'
[0.185s] Level 5:colcon.colcon_core.verb:set package 'echo_bringup' build argument 'cmake_clean_first' from command line to 'False'
[0.185s] Level 5:colcon.colcon_core.verb:set package 'echo_bringup' build argument 'cmake_force_configure' from command line to 'False'
[0.185s] Level 5:colcon.colcon_core.verb:set package 'echo_bringup' build argument 'ament_cmake_args' from command line to 'None'
[0.185s] Level 5:colcon.colcon_core.verb:set package 'echo_bringup' build argument 'catkin_cmake_args' from command line to 'None'
[0.185s] Level 5:colcon.colcon_core.verb:set package 'echo_bringup' build argument 'catkin_skip_building_tests' from command line to 'False'
[0.185s] DEBUG:colcon.colcon_core.verb:Building package 'echo_bringup' with the following arguments: {'ament_cmake_args': None, 'build_base': '/home/carlos/mrad_ws_2609_echo/build/echo_bringup', 'catkin_cmake_args': None, 'catkin_skip_building_tests': False, 'cmake_args': None, 'cmake_clean_cache': False, 'cmake_clean_first': False, 'cmake_force_configure': False, 'cmake_target': None, 'cmake_target_skip_unavailable': False, 'install_base': '/home/carlos/mrad_ws_2609_echo/install/echo_bringup', 'merge_install': False, 'path': '/home/carlos/mrad_ws_2609_echo/src/echo_bringup', 'symlink_install': True, 'test_result_base': None}
[0.185s] Level 5:colcon.colcon_core.verb:set package 'echo_control' build argument 'cmake_args' from command line to 'None'
[0.185s] Level 5:colcon.colcon_core.verb:set package 'echo_control' build argument 'cmake_target' from command line to 'None'
[0.185s] Level 5:colcon.colcon_core.verb:set package 'echo_control' build argument 'cmake_target_skip_unavailable' from command line to 'False'
[0.185s] Level 5:colcon.colcon_core.verb:set package 'echo_control' build argument 'cmake_clean_cache' from command line to 'False'
[0.185s] Level 5:colcon.colcon_core.verb:set package 'echo_control' build argument 'cmake_clean_first' from command line to 'False'
[0.185s] Level 5:colcon.colcon_core.verb:set package 'echo_control' build argument 'cmake_force_configure' from command line to 'False'
[0.185s] Level 5:colcon.colcon_core.verb:set package 'echo_control' build argument 'ament_cmake_args' from command line to 'None'
[0.185s] Level 5:colcon.colcon_core.verb:set package 'echo_control' build argument 'catkin_cmake_args' from command line to 'None'
[0.185s] Level 5:colcon.colcon_core.verb:set package 'echo_control' build argument 'catkin_skip_building_tests' from command line to 'False'
[0.185s] DEBUG:colcon.colcon_core.verb:Building package 'echo_control' with the following arguments: {'ament_cmake_args': None, 'build_base': '/home/carlos/mrad_ws_2609_echo/build/echo_control', 'catkin_cmake_args': None, 'catkin_skip_building_tests': False, 'cmake_args': None, 'cmake_clean_cache': False, 'cmake_clean_first': False, 'cmake_force_configure': False, 'cmake_target': None, 'cmake_target_skip_unavailable': False, 'install_base': '/home/carlos/mrad_ws_2609_echo/install/echo_control', 'merge_install': False, 'path': '/home/carlos/mrad_ws_2609_echo/src/echo_control', 'symlink_install': True, 'test_result_base': None}
[0.185s] Level 5:colcon.colcon_core.verb:set package 'echo_description' build argument 'cmake_args' from command line to 'None'
[0.185s] Level 5:colcon.colcon_core.verb:set package 'echo_description' build argument 'cmake_target' from command line to 'None'
[0.185s] Level 5:colcon.colcon_core.verb:set package 'echo_description' build argument 'cmake_target_skip_unavailable' from command line to 'False'
[0.185s] Level 5:colcon.colcon_core.verb:set package 'echo_description' build argument 'cmake_clean_cache' from command line to 'False'
[0.185s] Level 5:colcon.colcon_core.verb:set package 'echo_description' build argument 'cmake_clean_first' from command line to 'False'
[0.185s] Level 5:colcon.colcon_core.verb:set package 'echo_description' build argument 'cmake_force_configure' from command line to 'False'
[0.185s] Level 5:colcon.colcon_core.verb:set package 'echo_description' build argument 'ament_cmake_args' from command line to 'None'
[0.185s] Level 5:colcon.colcon_core.verb:set package 'echo_description' build argument 'catkin_cmake_args' from command line to 'None'
[0.185s] Level 5:colcon.colcon_core.verb:set package 'echo_description' build argument 'catkin_skip_building_tests' from command line to 'False'
[0.185s] DEBUG:colcon.colcon_core.verb:Building package 'echo_description' with the following arguments: {'ament_cmake_args': None, 'build_base': '/home/carlos/mrad_ws_2609_echo/build/echo_description', 'catkin_cmake_args': None, 'catkin_skip_building_tests': False, 'cmake_args': None, 'cmake_clean_cache': False, 'cmake_clean_first': False, 'cmake_force_configure': False, 'cmake_target': None, 'cmake_target_skip_unavailable': False, 'install_base': '/home/carlos/mrad_ws_2609_echo/install/echo_description', 'merge_install': False, 'path': '/home/carlos/mrad_ws_2609_echo/src/echo_description', 'symlink_install': True, 'test_result_base': None}
[0.185s] Level 5:colcon.colcon_core.verb:set package 'echo_gazebo' build argument 'cmake_args' from command line to 'None'
[0.185s] Level 5:colcon.colcon_core.verb:set package 'echo_gazebo' build argument 'cmake_target' from command line to 'None'
[0.185s] Level 5:colcon.colcon_core.verb:set package 'echo_gazebo' build argument 'cmake_target_skip_unavailable' from command line to 'False'
[0.185s] Level 5:colcon.colcon_core.verb:set package 'echo_gazebo' build argument 'cmake_clean_cache' from command line to 'False'
[0.185s] Level 5:colcon.colcon_core.verb:set package 'echo_gazebo' build argument 'cmake_clean_first' from command line to 'False'
[0.185s] Level 5:colcon.colcon_core.verb:set package 'echo_gazebo' build argument 'cmake_force_configure' from command line to 'False'
[0.185s] Level 5:colcon.colcon_core.verb:set package 'echo_gazebo' build argument 'ament_cmake_args' from command line to 'None'
[0.185s] Level 5:colcon.colcon_core.verb:set package 'echo_gazebo' build argument 'catkin_cmake_args' from command line to 'None'
[0.186s] Level 5:colcon.colcon_core.verb:set package 'echo_gazebo' build argument 'catkin_skip_building_tests' from command line to 'False'
[0.186s] DEBUG:colcon.colcon_core.verb:Building package 'echo_gazebo' with the following arguments: {'ament_cmake_args': None, 'build_base': '/home/carlos/mrad_ws_2609_echo/build/echo_gazebo', 'catkin_cmake_args': None, 'catkin_skip_building_tests': False, 'cmake_args': None, 'cmake_clean_cache': False, 'cmake_clean_first': False, 'cmake_force_configure': False, 'cmake_target': None, 'cmake_target_skip_unavailable': False, 'install_base': '/home/carlos/mrad_ws_2609_echo/install/echo_gazebo', 'merge_install': False, 'path': '/home/carlos/mrad_ws_2609_echo/src/echo_gazebo', 'symlink_install': True, 'test_result_base': None}
[0.186s] INFO:colcon.colcon_core.executor:Executing jobs using 'parallel' executor
[0.186s] DEBUG:colcon.colcon_parallel_executor.executor.parallel:run_until_complete
[0.187s] INFO:colcon.colcon_ros.task.ament_python.build:Building ROS package in '/home/carlos/mrad_ws_2609_echo/src/echo_bringup' with build type 'ament_python'
[0.187s] Level 1:colcon.colcon_core.shell:create_environment_hook('echo_bringup', 'ament_prefix_path')
[0.190s] INFO:colcon.colcon_core.plugin_system:Skipping extension 'colcon_core.shell.bat': Not used on non-Windows systems
[0.190s] INFO:colcon.colcon_core.shell:Creating environment hook '/home/carlos/mrad_ws_2609_echo/install/echo_bringup/share/echo_bringup/hook/ament_prefix_path.ps1'
[0.190s] INFO:colcon.colcon_core.shell:Creating environment descriptor '/home/carlos/mrad_ws_2609_echo/install/echo_bringup/share/echo_bringup/hook/ament_prefix_path.dsv'
[0.191s] INFO:colcon.colcon_core.shell:Creating environment hook '/home/carlos/mrad_ws_2609_echo/install/echo_bringup/share/echo_bringup/hook/ament_prefix_path.sh'
[0.191s] INFO:colcon.colcon_core.shell:Skip shell extension 'powershell' for command environment: Not usable outside of PowerShell
[0.191s] DEBUG:colcon.colcon_core.shell:Skip shell extension 'dsv' for command environment
[0.194s] INFO:colcon.colcon_ros.task.ament_cmake.build:Building ROS package in '/home/carlos/mrad_ws_2609_echo/src/echo_control' with build type 'ament_cmake'
[0.194s] INFO:colcon.colcon_cmake.task.cmake.build:Building CMake package in '/home/carlos/mrad_ws_2609_echo/src/echo_control'
[0.194s] INFO:colcon.colcon_core.shell:Skip shell extension 'powershell' for command environment: Not usable outside of PowerShell
[0.194s] DEBUG:colcon.colcon_core.shell:Skip shell extension 'dsv' for command environment
[0.196s] INFO:colcon.colcon_ros.task.ament_python.build:Building ROS package in '/home/carlos/mrad_ws_2609_echo/src/echo_description' with build type 'ament_python'
[0.196s] Level 1:colcon.colcon_core.shell:create_environment_hook('echo_description', 'ament_prefix_path')
[0.196s] INFO:colcon.colcon_core.shell:Creating environment hook '/home/carlos/mrad_ws_2609_echo/install/echo_description/share/echo_description/hook/ament_prefix_path.ps1'
[0.197s] INFO:colcon.colcon_core.shell:Creating environment descriptor '/home/carlos/mrad_ws_2609_echo/install/echo_description/share/echo_description/hook/ament_prefix_path.dsv'
[0.197s] INFO:colcon.colcon_core.shell:Creating environment hook '/home/carlos/mrad_ws_2609_echo/install/echo_description/share/echo_description/hook/ament_prefix_path.sh'
[0.197s] INFO:colcon.colcon_core.shell:Skip shell extension 'powershell' for command environment: Not usable outside of PowerShell
[0.197s] DEBUG:colcon.colcon_core.shell:Skip shell extension 'dsv' for command environment
[0.199s] INFO:colcon.colcon_ros.task.ament_python.build:Building ROS package in '/home/carlos/mrad_ws_2609_echo/src/echo_gazebo' with build type 'ament_python'
[0.199s] Level 1:colcon.colcon_core.shell:create_environment_hook('echo_gazebo', 'ament_prefix_path')
[0.199s] INFO:colcon.colcon_core.shell:Creating environment hook '/home/carlos/mrad_ws_2609_echo/install/echo_gazebo/share/echo_gazebo/hook/ament_prefix_path.ps1'
[0.200s] INFO:colcon.colcon_core.shell:Creating environment descriptor '/home/carlos/mrad_ws_2609_echo/install/echo_gazebo/share/echo_gazebo/hook/ament_prefix_path.dsv'
[0.200s] INFO:colcon.colcon_core.shell:Creating environment hook '/home/carlos/mrad_ws_2609_echo/install/echo_gazebo/share/echo_gazebo/hook/ament_prefix_path.sh'
[0.200s] INFO:colcon.colcon_core.shell:Skip shell extension 'powershell' for command environment: Not usable outside of PowerShell
[0.200s] DEBUG:colcon.colcon_core.shell:Skip shell extension 'dsv' for command environment
[0.336s] INFO:colcon.colcon_core.task.python.build:Building Python package in '/home/carlos/mrad_ws_2609_echo/src/echo_bringup'
[0.336s] INFO:colcon.colcon_core.shell:Skip shell extension 'powershell' for command environment: Not usable outside of PowerShell
[0.336s] DEBUG:colcon.colcon_core.shell:Skip shell extension 'dsv' for command environment
[0.340s] DEBUG:colcon.colcon_core.event_handler.log_command:Invoking command in '/home/carlos/mrad_ws_2609_echo/build/echo_control': CMAKE_PREFIX_PATH=${CMAKE_PREFIX_PATH}:/home/carlos/mrad_ws_2609_echo/install/echo_gazebo:/home/carlos/mrad_ws_2609_echo/install/echo_description:/home/carlos/mrad_ws_2609_echo/install/echo_bringup:/opt/ros/jazzy DEBUGINFOD_URLS=https://debuginfod.ubuntu.com /usr/bin/cmake /home/carlos/mrad_ws_2609_echo/src/echo_control -DAMENT_CMAKE_SYMLINK_INSTALL=1 -DCMAKE_INSTALL_PREFIX=/home/carlos/mrad_ws_2609_echo/install/echo_control
[0.477s] INFO:colcon.colcon_core.task.python.build:Building Python package in '/home/carlos/mrad_ws_2609_echo/src/echo_description'
[0.477s] INFO:colcon.colcon_core.shell:Skip shell extension 'powershell' for command environment: Not usable outside of PowerShell
[0.477s] DEBUG:colcon.colcon_core.shell:Skip shell extension 'dsv' for command environment
[0.620s] INFO:colcon.colcon_core.task.python.build:Building Python package in '/home/carlos/mrad_ws_2609_echo/src/echo_gazebo'
[0.620s] INFO:colcon.colcon_core.shell:Skip shell extension 'powershell' for command environment: Not usable outside of PowerShell
[0.620s] DEBUG:colcon.colcon_core.shell:Skip shell extension 'dsv' for command environment
[1.068s] DEBUG:colcon.colcon_core.event_handler.log_command:Invoked command in '/home/carlos/mrad_ws_2609_echo/build/echo_control' returned '0': CMAKE_PREFIX_PATH=${CMAKE_PREFIX_PATH}:/home/carlos/mrad_ws_2609_echo/install/echo_gazebo:/home/carlos/mrad_ws_2609_echo/install/echo_description:/home/carlos/mrad_ws_2609_echo/install/echo_bringup:/opt/ros/jazzy DEBUGINFOD_URLS=https://debuginfod.ubuntu.com /usr/bin/cmake /home/carlos/mrad_ws_2609_echo/src/echo_control -DAMENT_CMAKE_SYMLINK_INSTALL=1 -DCMAKE_INSTALL_PREFIX=/home/carlos/mrad_ws_2609_echo/install/echo_control
[1.069s] DEBUG:colcon.colcon_core.event_handler.log_command:Invoking command in '/home/carlos/mrad_ws_2609_echo/build/echo_control': CMAKE_PREFIX_PATH=${CMAKE_PREFIX_PATH}:/home/carlos/mrad_ws_2609_echo/install/echo_gazebo:/home/carlos/mrad_ws_2609_echo/install/echo_description:/home/carlos/mrad_ws_2609_echo/install/echo_bringup:/opt/ros/jazzy DEBUGINFOD_URLS=https://debuginfod.ubuntu.com /usr/bin/cmake --build /home/carlos/mrad_ws_2609_echo/build/echo_control -- -j16 -l16
[1.117s] DEBUG:colcon.colcon_core.event_handler.log_command:Invoked command in '/home/carlos/mrad_ws_2609_echo/build/echo_control' returned '0': CMAKE_PREFIX_PATH=${CMAKE_PREFIX_PATH}:/home/carlos/mrad_ws_2609_echo/install/echo_gazebo:/home/carlos/mrad_ws_2609_echo/install/echo_description:/home/carlos/mrad_ws_2609_echo/install/echo_bringup:/opt/ros/jazzy DEBUGINFOD_URLS=https://debuginfod.ubuntu.com /usr/bin/cmake --build /home/carlos/mrad_ws_2609_echo/build/echo_control -- -j16 -l16
[1.129s] DEBUG:colcon.colcon_core.event_handler.log_command:Invoking command in '/home/carlos/mrad_ws_2609_echo/build/echo_control': CMAKE_PREFIX_PATH=${CMAKE_PREFIX_PATH}:/home/carlos/mrad_ws_2609_echo/install/echo_gazebo:/home/carlos/mrad_ws_2609_echo/install/echo_description:/home/carlos/mrad_ws_2609_echo/install/echo_bringup:/opt/ros/jazzy DEBUGINFOD_URLS=https://debuginfod.ubuntu.com /usr/bin/cmake --install /home/carlos/mrad_ws_2609_echo/build/echo_control
[1.142s] DEBUG:colcon.colcon_core.event_handler.log_command:Invoking command in '/home/carlos/mrad_ws_2609_echo/build/echo_gazebo': DEBUGINFOD_URLS=https://debuginfod.ubuntu.com PYTHONPATH=/home/carlos/mrad_ws_2609_echo/build/echo_gazebo/prefix_override:/usr/lib/python3/dist-packages/colcon_core/task/python/colcon_distutils_commands:/home/carlos/mrad_ws_2609_echo/install/echo_gazebo/lib/python3.12/site-packages:${PYTHONPATH} /usr/bin/python3 -W ignore:setup.py install is deprecated -W ignore:easy_install command is deprecated setup.py develop --editable --build-directory /home/carlos/mrad_ws_2609_echo/build/echo_gazebo/build --no-deps symlink_data
[1.144s] DEBUG:colcon.colcon_core.event_handler.log_command:Invoking command in '/home/carlos/mrad_ws_2609_echo/build/echo_description': DEBUGINFOD_URLS=https://debuginfod.ubuntu.com PYTHONPATH=/home/carlos/mrad_ws_2609_echo/build/echo_description/prefix_override:/usr/lib/python3/dist-packages/colcon_core/task/python/colcon_distutils_commands:/home/carlos/mrad_ws_2609_echo/install/echo_description/lib/python3.12/site-packages:${PYTHONPATH} /usr/bin/python3 -W ignore:setup.py install is deprecated -W ignore:easy_install command is deprecated setup.py develop --editable --build-directory /home/carlos/mrad_ws_2609_echo/build/echo_description/build --no-deps symlink_data
[1.146s] DEBUG:colcon.colcon_core.event_handler.log_command:Invoking command in '/home/carlos/mrad_ws_2609_echo/build/echo_bringup': DEBUGINFOD_URLS=https://debuginfod.ubuntu.com PYTHONPATH=/home/carlos/mrad_ws_2609_echo/build/echo_bringup/prefix_override:/usr/lib/python3/dist-packages/colcon_core/task/python/colcon_distutils_commands:/home/carlos/mrad_ws_2609_echo/install/echo_bringup/lib/python3.12/site-packages:${PYTHONPATH} /usr/bin/python3 -W ignore:setup.py install is deprecated -W ignore:easy_install command is deprecated setup.py develop --editable --build-directory /home/carlos/mrad_ws_2609_echo/build/echo_bringup/build --no-deps symlink_data
[1.266s] Level 1:colcon.colcon_core.environment:create_environment_scripts_only(echo_control)
[1.267s] DEBUG:colcon.colcon_core.event_handler.log_command:Invoked command in '/home/carlos/mrad_ws_2609_echo/build/echo_control' returned '0': CMAKE_PREFIX_PATH=${CMAKE_PREFIX_PATH}:/home/carlos/mrad_ws_2609_echo/install/echo_gazebo:/home/carlos/mrad_ws_2609_echo/install/echo_description:/home/carlos/mrad_ws_2609_echo/install/echo_bringup:/opt/ros/jazzy DEBUGINFOD_URLS=https://debuginfod.ubuntu.com /usr/bin/cmake --install /home/carlos/mrad_ws_2609_echo/build/echo_control
[1.270s] Level 1:colcon.colcon_core.environment:checking '/home/carlos/mrad_ws_2609_echo/install/echo_control' for CMake module files
[1.270s] Level 1:colcon.colcon_core.environment:checking '/home/carlos/mrad_ws_2609_echo/install/echo_control' for CMake config files
[1.270s] Level 1:colcon.colcon_core.shell:create_environment_hook('echo_control', 'cmake_prefix_path')
[1.271s] INFO:colcon.colcon_core.shell:Creating environment hook '/home/carlos/mrad_ws_2609_echo/install/echo_control/share/echo_control/hook/cmake_prefix_path.ps1'
[1.271s] INFO:colcon.colcon_core.shell:Creating environment descriptor '/home/carlos/mrad_ws_2609_echo/install/echo_control/share/echo_control/hook/cmake_prefix_path.dsv'
[1.271s] INFO:colcon.colcon_core.shell:Creating environment hook '/home/carlos/mrad_ws_2609_echo/install/echo_control/share/echo_control/hook/cmake_prefix_path.sh'
[1.271s] Level 1:colcon.colcon_core.environment:checking '/home/carlos/mrad_ws_2609_echo/install/echo_control/bin'
[1.271s] Level 1:colcon.colcon_core.environment:checking '/home/carlos/mrad_ws_2609_echo/install/echo_control/lib/pkgconfig/echo_control.pc'
[1.272s] Level 1:colcon.colcon_core.environment:checking '/home/carlos/mrad_ws_2609_echo/install/echo_control/lib/python3.12/site-packages'
[1.272s] Level 1:colcon.colcon_core.environment:checking '/home/carlos/mrad_ws_2609_echo/install/echo_control/bin'
[1.272s] INFO:colcon.colcon_core.shell:Creating package script '/home/carlos/mrad_ws_2609_echo/install/echo_control/share/echo_control/package.ps1'
[1.272s] INFO:colcon.colcon_core.shell:Creating package descriptor '/home/carlos/mrad_ws_2609_echo/install/echo_control/share/echo_control/package.dsv'
[1.273s] INFO:colcon.colcon_core.shell:Creating package script '/home/carlos/mrad_ws_2609_echo/install/echo_control/share/echo_control/package.sh'
[1.273s] INFO:colcon.colcon_core.shell:Creating package script '/home/carlos/mrad_ws_2609_echo/install/echo_control/share/echo_control/package.bash'
[1.274s] INFO:colcon.colcon_core.shell:Creating package script '/home/carlos/mrad_ws_2609_echo/install/echo_control/share/echo_control/package.zsh'
[1.274s] Level 1:colcon.colcon_core.environment:create_file_with_runtime_dependencies(/home/carlos/mrad_ws_2609_echo/install/echo_control/share/colcon-core/packages/echo_control)
[1.274s] Level 1:colcon.colcon_core.environment:create_environment_scripts_only(echo_control)
[1.274s] Level 1:colcon.colcon_core.environment:checking '/home/carlos/mrad_ws_2609_echo/install/echo_control' for CMake module files
[1.275s] Level 1:colcon.colcon_core.environment:checking '/home/carlos/mrad_ws_2609_echo/install/echo_control' for CMake config files
[1.275s] Level 1:colcon.colcon_core.shell:create_environment_hook('echo_control', 'cmake_prefix_path')
[1.275s] INFO:colcon.colcon_core.shell:Creating environment hook '/home/carlos/mrad_ws_2609_echo/install/echo_control/share/echo_control/hook/cmake_prefix_path.ps1'
[1.275s] INFO:colcon.colcon_core.shell:Creating environment descriptor '/home/carlos/mrad_ws_2609_echo/install/echo_control/share/echo_control/hook/cmake_prefix_path.dsv'
[1.275s] INFO:colcon.colcon_core.shell:Creating environment hook '/home/carlos/mrad_ws_2609_echo/install/echo_control/share/echo_control/hook/cmake_prefix_path.sh'
[1.276s] Level 1:colcon.colcon_core.environment:checking '/home/carlos/mrad_ws_2609_echo/install/echo_control/bin'
[1.276s] Level 1:colcon.colcon_core.environment:checking '/home/carlos/mrad_ws_2609_echo/install/echo_control/lib/pkgconfig/echo_control.pc'
[1.276s] Level 1:colcon.colcon_core.environment:checking '/home/carlos/mrad_ws_2609_echo/install/echo_control/lib/python3.12/site-packages'
[1.276s] Level 1:colcon.colcon_core.environment:checking '/home/carlos/mrad_ws_2609_echo/install/echo_control/bin'
[1.276s] INFO:colcon.colcon_core.shell:Creating package script '/home/carlos/mrad_ws_2609_echo/install/echo_control/share/echo_control/package.ps1'
[1.276s] INFO:colcon.colcon_core.shell:Creating package descriptor '/home/carlos/mrad_ws_2609_echo/install/echo_control/share/echo_control/package.dsv'
[1.277s] INFO:colcon.colcon_core.shell:Creating package script '/home/carlos/mrad_ws_2609_echo/install/echo_control/share/echo_control/package.sh'
[1.277s] INFO:colcon.colcon_core.shell:Creating package script '/home/carlos/mrad_ws_2609_echo/install/echo_control/share/echo_control/package.bash'
[1.277s] INFO:colcon.colcon_core.shell:Creating package script '/home/carlos/mrad_ws_2609_echo/install/echo_control/share/echo_control/package.zsh'
[1.277s] Level 1:colcon.colcon_core.environment:create_file_with_runtime_dependencies(/home/carlos/mrad_ws_2609_echo/install/echo_control/share/colcon-core/packages/echo_control)
[1.589s] Level 1:colcon.colcon_core.shell:create_environment_hook('echo_gazebo', 'pythonpath_develop')
[1.589s] INFO:colcon.colcon_core.shell:Creating environment hook '/home/carlos/mrad_ws_2609_echo/build/echo_gazebo/share/echo_gazebo/hook/pythonpath_develop.ps1'
[1.590s] DEBUG:colcon.colcon_core.event_handler.log_command:Invoked command in '/home/carlos/mrad_ws_2609_echo/build/echo_gazebo' returned '0': DEBUGINFOD_URLS=https://debuginfod.ubuntu.com PYTHONPATH=/home/carlos/mrad_ws_2609_echo/build/echo_gazebo/prefix_override:/usr/lib/python3/dist-packages/colcon_core/task/python/colcon_distutils_commands:/home/carlos/mrad_ws_2609_echo/install/echo_gazebo/lib/python3.12/site-packages:${PYTHONPATH} /usr/bin/python3 -W ignore:setup.py install is deprecated -W ignore:easy_install command is deprecated setup.py develop --editable --build-directory /home/carlos/mrad_ws_2609_echo/build/echo_gazebo/build --no-deps symlink_data
[1.590s] INFO:colcon.colcon_core.shell:Creating environment descriptor '/home/carlos/mrad_ws_2609_echo/build/echo_gazebo/share/echo_gazebo/hook/pythonpath_develop.dsv'
[1.591s] INFO:colcon.colcon_core.shell:Creating environment hook '/home/carlos/mrad_ws_2609_echo/build/echo_gazebo/share/echo_gazebo/hook/pythonpath_develop.sh'
[1.591s] Level 1:colcon.colcon_core.environment:checking '/home/carlos/mrad_ws_2609_echo/install/echo_gazebo' for CMake module files
[1.592s] Level 1:colcon.colcon_core.environment:checking '/home/carlos/mrad_ws_2609_echo/install/echo_gazebo' for CMake config files
[1.592s] Level 1:colcon.colcon_core.environment:checking '/home/carlos/mrad_ws_2609_echo/install/echo_gazebo/lib'
[1.592s] Level 1:colcon.colcon_core.environment:checking '/home/carlos/mrad_ws_2609_echo/install/echo_gazebo/bin'
[1.592s] Level 1:colcon.colcon_core.environment:checking '/home/carlos/mrad_ws_2609_echo/install/echo_gazebo/lib/pkgconfig/echo_gazebo.pc'
[1.592s] Level 1:colcon.colcon_core.environment:checking '/home/carlos/mrad_ws_2609_echo/install/echo_gazebo/lib/python3.12/site-packages'
[1.592s] Level 1:colcon.colcon_core.shell:create_environment_hook('echo_gazebo', 'pythonpath')
[1.592s] INFO:colcon.colcon_core.shell:Creating environment hook '/home/carlos/mrad_ws_2609_echo/install/echo_gazebo/share/echo_gazebo/hook/pythonpath.ps1'
[1.593s] INFO:colcon.colcon_core.shell:Creating environment descriptor '/home/carlos/mrad_ws_2609_echo/install/echo_gazebo/share/echo_gazebo/hook/pythonpath.dsv'
[1.593s] INFO:colcon.colcon_core.shell:Creating environment hook '/home/carlos/mrad_ws_2609_echo/install/echo_gazebo/share/echo_gazebo/hook/pythonpath.sh'
[1.593s] Level 1:colcon.colcon_core.environment:checking '/home/carlos/mrad_ws_2609_echo/install/echo_gazebo/bin'
[1.593s] Level 1:colcon.colcon_core.environment:create_environment_scripts_only(echo_gazebo)
[1.594s] INFO:colcon.colcon_core.shell:Creating package script '/home/carlos/mrad_ws_2609_echo/install/echo_gazebo/share/echo_gazebo/package.ps1'
[1.594s] INFO:colcon.colcon_core.shell:Creating package descriptor '/home/carlos/mrad_ws_2609_echo/install/echo_gazebo/share/echo_gazebo/package.dsv'
[1.594s] INFO:colcon.colcon_core.shell:Creating package script '/home/carlos/mrad_ws_2609_echo/install/echo_gazebo/share/echo_gazebo/package.sh'
[1.595s] INFO:colcon.colcon_core.shell:Creating package script '/home/carlos/mrad_ws_2609_echo/install/echo_gazebo/share/echo_gazebo/package.bash'
[1.595s] INFO:colcon.colcon_core.shell:Creating package script '/home/carlos/mrad_ws_2609_echo/install/echo_gazebo/share/echo_gazebo/package.zsh'
[1.595s] Level 1:colcon.colcon_core.environment:create_file_with_runtime_dependencies(/home/carlos/mrad_ws_2609_echo/install/echo_gazebo/share/colcon-core/packages/echo_gazebo)
[1.595s] Level 1:colcon.colcon_core.shell:create_environment_hook('echo_description', 'pythonpath_develop')
[1.595s] INFO:colcon.colcon_core.shell:Creating environment hook '/home/carlos/mrad_ws_2609_echo/build/echo_description/share/echo_description/hook/pythonpath_develop.ps1'
[1.596s] INFO:colcon.colcon_core.shell:Creating environment descriptor '/home/carlos/mrad_ws_2609_echo/build/echo_description/share/echo_description/hook/pythonpath_develop.dsv'
[1.596s] INFO:colcon.colcon_core.shell:Creating environment hook '/home/carlos/mrad_ws_2609_echo/build/echo_description/share/echo_description/hook/pythonpath_develop.sh'
[1.596s] DEBUG:colcon.colcon_core.event_handler.log_command:Invoked command in '/home/carlos/mrad_ws_2609_echo/build/echo_description' returned '0': DEBUGINFOD_URLS=https://debuginfod.ubuntu.com PYTHONPATH=/home/carlos/mrad_ws_2609_echo/build/echo_description/prefix_override:/usr/lib/python3/dist-packages/colcon_core/task/python/colcon_distutils_commands:/home/carlos/mrad_ws_2609_echo/install/echo_description/lib/python3.12/site-packages:${PYTHONPATH} /usr/bin/python3 -W ignore:setup.py install is deprecated -W ignore:easy_install command is deprecated setup.py develop --editable --build-directory /home/carlos/mrad_ws_2609_echo/build/echo_description/build --no-deps symlink_data
[1.596s] Level 1:colcon.colcon_core.environment:checking '/home/carlos/mrad_ws_2609_echo/install/echo_description' for CMake module files
[1.597s] Level 1:colcon.colcon_core.environment:checking '/home/carlos/mrad_ws_2609_echo/install/echo_description' for CMake config files
[1.597s] Level 1:colcon.colcon_core.environment:checking '/home/carlos/mrad_ws_2609_echo/install/echo_description/lib'
[1.597s] Level 1:colcon.colcon_core.environment:checking '/home/carlos/mrad_ws_2609_echo/install/echo_description/bin'
[1.597s] Level 1:colcon.colcon_core.environment:checking '/home/carlos/mrad_ws_2609_echo/install/echo_description/lib/pkgconfig/echo_description.pc'
[1.597s] Level 1:colcon.colcon_core.environment:checking '/home/carlos/mrad_ws_2609_echo/install/echo_description/lib/python3.12/site-packages'
[1.597s] Level 1:colcon.colcon_core.shell:create_environment_hook('echo_description', 'pythonpath')
[1.597s] INFO:colcon.colcon_core.shell:Creating environment hook '/home/carlos/mrad_ws_2609_echo/install/echo_description/share/echo_description/hook/pythonpath.ps1'
[1.597s] INFO:colcon.colcon_core.shell:Creating environment descriptor '/home/carlos/mrad_ws_2609_echo/install/echo_description/share/echo_description/hook/pythonpath.dsv'
[1.598s] INFO:colcon.colcon_core.shell:Creating environment hook '/home/carlos/mrad_ws_2609_echo/install/echo_description/share/echo_description/hook/pythonpath.sh'
[1.598s] Level 1:colcon.colcon_core.environment:checking '/home/carlos/mrad_ws_2609_echo/install/echo_description/bin'
[1.598s] Level 1:colcon.colcon_core.environment:create_environment_scripts_only(echo_description)
[1.598s] INFO:colcon.colcon_core.shell:Creating package script '/home/carlos/mrad_ws_2609_echo/install/echo_description/share/echo_description/package.ps1'
[1.598s] INFO:colcon.colcon_core.shell:Creating package descriptor '/home/carlos/mrad_ws_2609_echo/install/echo_description/share/echo_description/package.dsv'
[1.598s] INFO:colcon.colcon_core.shell:Creating package script '/home/carlos/mrad_ws_2609_echo/install/echo_description/share/echo_description/package.sh'
[1.599s] INFO:colcon.colcon_core.shell:Creating package script '/home/carlos/mrad_ws_2609_echo/install/echo_description/share/echo_description/package.bash'
[1.599s] INFO:colcon.colcon_core.shell:Creating package script '/home/carlos/mrad_ws_2609_echo/install/echo_description/share/echo_description/package.zsh'
[1.599s] Level 1:colcon.colcon_core.environment:create_file_with_runtime_dependencies(/home/carlos/mrad_ws_2609_echo/install/echo_description/share/colcon-core/packages/echo_description)
[1.599s] Level 1:colcon.colcon_core.shell:create_environment_hook('echo_bringup', 'pythonpath_develop')
[1.599s] INFO:colcon.colcon_core.shell:Creating environment hook '/home/carlos/mrad_ws_2609_echo/build/echo_bringup/share/echo_bringup/hook/pythonpath_develop.ps1'
[1.599s] INFO:colcon.colcon_core.shell:Creating environment descriptor '/home/carlos/mrad_ws_2609_echo/build/echo_bringup/share/echo_bringup/hook/pythonpath_develop.dsv'
[1.600s] INFO:colcon.colcon_core.shell:Creating environment hook '/home/carlos/mrad_ws_2609_echo/build/echo_bringup/share/echo_bringup/hook/pythonpath_develop.sh'
[1.600s] Level 1:colcon.colcon_core.environment:checking '/home/carlos/mrad_ws_2609_echo/install/echo_bringup' for CMake module files
[1.600s] DEBUG:colcon.colcon_core.event_handler.log_command:Invoked command in '/home/carlos/mrad_ws_2609_echo/build/echo_bringup' returned '0': DEBUGINFOD_URLS=https://debuginfod.ubuntu.com PYTHONPATH=/home/carlos/mrad_ws_2609_echo/build/echo_bringup/prefix_override:/usr/lib/python3/dist-packages/colcon_core/task/python/colcon_distutils_commands:/home/carlos/mrad_ws_2609_echo/install/echo_bringup/lib/python3.12/site-packages:${PYTHONPATH} /usr/bin/python3 -W ignore:setup.py install is deprecated -W ignore:easy_install command is deprecated setup.py develop --editable --build-directory /home/carlos/mrad_ws_2609_echo/build/echo_bringup/build --no-deps symlink_data
[1.600s] Level 1:colcon.colcon_core.environment:checking '/home/carlos/mrad_ws_2609_echo/install/echo_bringup' for CMake config files
[1.601s] Level 1:colcon.colcon_core.environment:checking '/home/carlos/mrad_ws_2609_echo/install/echo_bringup/lib'
[1.601s] Level 1:colcon.colcon_core.environment:checking '/home/carlos/mrad_ws_2609_echo/install/echo_bringup/bin'
[1.601s] Level 1:colcon.colcon_core.environment:checking '/home/carlos/mrad_ws_2609_echo/install/echo_bringup/lib/pkgconfig/echo_bringup.pc'
[1.601s] Level 1:colcon.colcon_core.environment:checking '/home/carlos/mrad_ws_2609_echo/install/echo_bringup/lib/python3.12/site-packages'
[1.601s] Level 1:colcon.colcon_core.shell:create_environment_hook('echo_bringup', 'pythonpath')
[1.601s] INFO:colcon.colcon_core.shell:Creating environment hook '/home/carlos/mrad_ws_2609_echo/install/echo_bringup/share/echo_bringup/hook/pythonpath.ps1'
[1.601s] INFO:colcon.colcon_core.shell:Creating environment descriptor '/home/carlos/mrad_ws_2609_echo/install/echo_bringup/share/echo_bringup/hook/pythonpath.dsv'
[1.601s] INFO:colcon.colcon_core.shell:Creating environment hook '/home/carlos/mrad_ws_2609_echo/install/echo_bringup/share/echo_bringup/hook/pythonpath.sh'
[1.602s] Level 1:colcon.colcon_core.environment:checking '/home/carlos/mrad_ws_2609_echo/install/echo_bringup/bin'
[1.602s] Level 1:colcon.colcon_core.environment:create_environment_scripts_only(echo_bringup)
[1.602s] INFO:colcon.colcon_core.shell:Creating package script '/home/carlos/mrad_ws_2609_echo/install/echo_bringup/share/echo_bringup/package.ps1'
[1.602s] INFO:colcon.colcon_core.shell:Creating package descriptor '/home/carlos/mrad_ws_2609_echo/install/echo_bringup/share/echo_bringup/package.dsv'
[1.602s] INFO:colcon.colcon_core.shell:Creating package script '/home/carlos/mrad_ws_2609_echo/install/echo_bringup/share/echo_bringup/package.sh'
[1.602s] INFO:colcon.colcon_core.shell:Creating package script '/home/carlos/mrad_ws_2609_echo/install/echo_bringup/share/echo_bringup/package.bash'
[1.603s] INFO:colcon.colcon_core.shell:Creating package script '/home/carlos/mrad_ws_2609_echo/install/echo_bringup/share/echo_bringup/package.zsh'
[1.603s] Level 1:colcon.colcon_core.environment:create_file_with_runtime_dependencies(/home/carlos/mrad_ws_2609_echo/install/echo_bringup/share/colcon-core/packages/echo_bringup)
[1.603s] DEBUG:colcon.colcon_parallel_executor.executor.parallel:closing loop
[1.603s] DEBUG:colcon.colcon_parallel_executor.executor.parallel:loop closed
[1.603s] DEBUG:colcon.colcon_parallel_executor.executor.parallel:run_until_complete finished with '0'
[1.603s] DEBUG:colcon.colcon_core.event_reactor:joining thread
[1.609s] INFO:colcon.colcon_core.plugin_system:Skipping extension 'colcon_notification.desktop_notification.terminal_notifier': Not used on non-Darwin systems
[1.609s] INFO:colcon.colcon_core.plugin_system:Skipping extension 'colcon_notification.desktop_notification.win32': Not used on non-Windows systems
[1.609s] INFO:colcon.colcon_notification.desktop_notification:Sending desktop notification using 'notify2'
[1.627s] DEBUG:colcon.colcon_core.event_reactor:joined thread
[1.627s] INFO:colcon.colcon_core.shell:Creating prefix script '/home/carlos/mrad_ws_2609_echo/install/local_setup.ps1'
[1.628s] INFO:colcon.colcon_core.shell:Creating prefix util module '/home/carlos/mrad_ws_2609_echo/install/_local_setup_util_ps1.py'
[1.628s] INFO:colcon.colcon_core.shell:Creating prefix chain script '/home/carlos/mrad_ws_2609_echo/install/setup.ps1'
[1.629s] INFO:colcon.colcon_core.shell:Creating prefix script '/home/carlos/mrad_ws_2609_echo/install/local_setup.sh'
[1.629s] INFO:colcon.colcon_core.shell:Creating prefix util module '/home/carlos/mrad_ws_2609_echo/install/_local_setup_util_sh.py'
[1.630s] INFO:colcon.colcon_core.shell:Creating prefix chain script '/home/carlos/mrad_ws_2609_echo/install/setup.sh'
[1.630s] INFO:colcon.colcon_core.shell:Creating prefix script '/home/carlos/mrad_ws_2609_echo/install/local_setup.bash'
[1.631s] INFO:colcon.colcon_core.shell:Creating prefix chain script '/home/carlos/mrad_ws_2609_echo/install/setup.bash'
[1.632s] INFO:colcon.colcon_core.shell:Creating prefix script '/home/carlos/mrad_ws_2609_echo/install/local_setup.zsh'
[1.632s] INFO:colcon.colcon_core.shell:Creating prefix chain script '/home/carlos/mrad_ws_2609_echo/install/setup.zsh'
