running develop
/usr/lib/python3/dist-packages/setuptools/command/easy_install.py:363: UserWarning: Unbuilt egg for pytest-repeat [unknown version] (/usr/lib/python3/dist-packages)
  self.local_index = Environment(self.shadow_path + sys.path)
running egg_info
creating echo_gazebo.egg-info
writing echo_gazebo.egg-info/PKG-INFO
writing dependency_links to echo_gazebo.egg-info/dependency_links.txt
writing requirements to echo_gazebo.egg-info/requires.txt
writing top-level names to echo_gazebo.egg-info/top_level.txt
writing manifest file 'echo_gazebo.egg-info/SOURCES.txt'
reading manifest file 'echo_gazebo.egg-info/SOURCES.txt'
writing manifest file 'echo_gazebo.egg-info/SOURCES.txt'
running build_ext
Creating /home/carlos/mrad_ws_2609_echo/install/echo_gazebo/lib/python3.12/site-packages/echo-gazebo.egg-link (link to .)

Installed /home/carlos/mrad_ws_2609_echo/build/echo_gazebo
running symlink_data
creating /home/carlos/mrad_ws_2609_echo/install/echo_gazebo/share/ament_index
creating /home/carlos/mrad_ws_2609_echo/install/echo_gazebo/share/ament_index/resource_index
creating /home/carlos/mrad_ws_2609_echo/install/echo_gazebo/share/ament_index/resource_index/packages
symbolically linking /home/carlos/mrad_ws_2609_echo/build/echo_gazebo/resource/echo_gazebo -> /home/carlos/mrad_ws_2609_echo/install/echo_gazebo/share/ament_index/resource_index/packages
symbolically linking /home/carlos/mrad_ws_2609_echo/build/echo_gazebo/package.xml -> /home/carlos/mrad_ws_2609_echo/install/echo_gazebo/share/echo_gazebo
creating /home/carlos/mrad_ws_2609_echo/install/echo_gazebo/share/echo_gazebo/config
symbolically linking /home/carlos/mrad_ws_2609_echo/build/echo_gazebo/config/topic_bridge.yaml -> /home/carlos/mrad_ws_2609_echo/install/echo_gazebo/share/echo_gazebo/config
creating /home/carlos/mrad_ws_2609_echo/install/echo_gazebo/share/echo_gazebo/worlds
symbolically linking /home/carlos/mrad_ws_2609_echo/build/echo_gazebo/worlds/empty_world.sdf -> /home/carlos/mrad_ws_2609_echo/install/echo_gazebo/share/echo_gazebo/worlds
