[0.943s] Invoking command in '/home/carlos/mrad_ws_2609_echo/build/echo_gazebo': DEBUGINFOD_URLS=https://debuginfod.ubuntu.com PYTHONPATH=/home/carlos/mrad_ws_2609_echo/build/echo_gazebo/prefix_override:/usr/lib/python3/dist-packages/colcon_core/task/python/colcon_distutils_commands:/home/carlos/mrad_ws_2609_echo/install/echo_gazebo/lib/python3.12/site-packages:${PYTHONPATH} /usr/bin/python3 -W ignore:setup.py install is deprecated -W ignore:easy_install command is deprecated setup.py develop --editable --build-directory /home/carlos/mrad_ws_2609_echo/build/echo_gazebo/build --no-deps symlink_data
[1.160s] running develop
[1.273s] /usr/lib/python3/dist-packages/setuptools/command/easy_install.py:363: UserWarning: Unbuilt egg for pytest-repeat [unknown version] (/usr/lib/python3/dist-packages)
[1.273s]   self.local_index = Environment(self.shadow_path + sys.path)
[1.294s] running egg_info
[1.295s] creating echo_gazebo.egg-info
[1.308s] writing echo_gazebo.egg-info/PKG-INFO
[1.308s] writing dependency_links to echo_gazebo.egg-info/dependency_links.txt
[1.308s] writing requirements to echo_gazebo.egg-info/requires.txt
[1.309s] writing top-level names to echo_gazebo.egg-info/top_level.txt
[1.309s] writing manifest file 'echo_gazebo.egg-info/SOURCES.txt'
[1.333s] reading manifest file 'echo_gazebo.egg-info/SOURCES.txt'
[1.333s] writing manifest file 'echo_gazebo.egg-info/SOURCES.txt'
[1.347s] running build_ext
[1.347s] Creating /home/carlos/mrad_ws_2609_echo/install/echo_gazebo/lib/python3.12/site-packages/echo-gazebo.egg-link (link to .)
[1.347s] 
[1.347s] Installed /home/carlos/mrad_ws_2609_echo/build/echo_gazebo
[1.347s] running symlink_data
[1.349s] creating /home/carlos/mrad_ws_2609_echo/install/echo_gazebo/share/ament_index
[1.349s] creating /home/carlos/mrad_ws_2609_echo/install/echo_gazebo/share/ament_index/resource_index
[1.349s] creating /home/carlos/mrad_ws_2609_echo/install/echo_gazebo/share/ament_index/resource_index/packages
[1.349s] symbolically linking /home/carlos/mrad_ws_2609_echo/build/echo_gazebo/resource/echo_gazebo -> /home/carlos/mrad_ws_2609_echo/install/echo_gazebo/share/ament_index/resource_index/packages
[1.349s] symbolically linking /home/carlos/mrad_ws_2609_echo/build/echo_gazebo/package.xml -> /home/carlos/mrad_ws_2609_echo/install/echo_gazebo/share/echo_gazebo
[1.349s] creating /home/carlos/mrad_ws_2609_echo/install/echo_gazebo/share/echo_gazebo/config
[1.349s] symbolically linking /home/carlos/mrad_ws_2609_echo/build/echo_gazebo/config/topic_bridge.yaml -> /home/carlos/mrad_ws_2609_echo/install/echo_gazebo/share/echo_gazebo/config
[1.350s] creating /home/carlos/mrad_ws_2609_echo/install/echo_gazebo/share/echo_gazebo/worlds
[1.350s] symbolically linking /home/carlos/mrad_ws_2609_echo/build/echo_gazebo/worlds/empty_world.sdf -> /home/carlos/mrad_ws_2609_echo/install/echo_gazebo/share/echo_gazebo/worlds
[1.390s] Invoked command in '/home/carlos/mrad_ws_2609_echo/build/echo_gazebo' returned '0': DEBUGINFOD_URLS=https://debuginfod.ubuntu.com PYTHONPATH=/home/carlos/mrad_ws_2609_echo/build/echo_gazebo/prefix_override:/usr/lib/python3/dist-packages/colcon_core/task/python/colcon_distutils_commands:/home/carlos/mrad_ws_2609_echo/install/echo_gazebo/lib/python3.12/site-packages:${PYTHONPATH} /usr/bin/python3 -W ignore:setup.py install is deprecated -W ignore:easy_install command is deprecated setup.py develop --editable --build-directory /home/carlos/mrad_ws_2609_echo/build/echo_gazebo/build --no-deps symlink_data
