[0.146s] Invoking command in '/home/carlos/mrad_ws_2609_echo/build/echo_control': CMAKE_PREFIX_PATH=${CMAKE_PREFIX_PATH}:/home/carlos/mrad_ws_2609_echo/install/echo_gazebo:/home/carlos/mrad_ws_2609_echo/install/echo_description:/home/carlos/mrad_ws_2609_echo/install/echo_bringup:/opt/ros/jazzy DEBUGINFOD_URLS=https://debuginfod.ubuntu.com /usr/bin/cmake /home/carlos/mrad_ws_2609_echo/src/echo_control -DAMENT_CMAKE_SYMLINK_INSTALL=1 -DCMAKE_INSTALL_PREFIX=/home/carlos/mrad_ws_2609_echo/install/echo_control
[0.287s] -- The C compiler identification is GNU 13.3.0
[0.314s] -- The CXX compiler identification is GNU 13.3.0
[0.331s] -- Detecting C compiler ABI info
[0.407s] -- Detecting C compiler ABI info - done
[0.416s] -- Check for working C compiler: /usr/bin/cc - skipped
[0.416s] -- Detecting C compile features
[0.416s] -- Detecting C compile features - done
[0.425s] -- Detecting CXX compiler ABI info
[0.517s] -- Detecting CXX compiler ABI info - done
[0.528s] -- Check for working CXX compiler: /usr/bin/c++ - skipped
[0.528s] -- Detecting CXX compile features
[0.529s] -- Detecting CXX compile features - done
[0.536s] -- Found ament_cmake: 2.5.4 (/opt/ros/jazzy/share/ament_cmake/cmake)
[0.658s] -- Found Python3: /usr/bin/python3 (found version "3.12.3") found components: Interpreter 
[0.724s] -- Override CMake install command with custom implementation using symlinks instead of copying resources
[0.780s] -- Found ament_lint_auto: 0.17.3 (/opt/ros/jazzy/share/ament_lint_auto/cmake)
[0.865s] -- Added test 'lint_cmake' to check CMake code style
[0.866s] -- Added test 'xmllint' to check XML markup files
[0.867s] -- Configuring done (0.7s)
[0.869s] -- Generating done (0.0s)
[0.870s] -- Build files have been written to: /home/carlos/mrad_ws_2609_echo/build/echo_control
[0.874s] Invoked command in '/home/carlos/mrad_ws_2609_echo/build/echo_control' returned '0': CMAKE_PREFIX_PATH=${CMAKE_PREFIX_PATH}:/home/carlos/mrad_ws_2609_echo/install/echo_gazebo:/home/carlos/mrad_ws_2609_echo/install/echo_description:/home/carlos/mrad_ws_2609_echo/install/echo_bringup:/opt/ros/jazzy DEBUGINFOD_URLS=https://debuginfod.ubuntu.com /usr/bin/cmake /home/carlos/mrad_ws_2609_echo/src/echo_control -DAMENT_CMAKE_SYMLINK_INSTALL=1 -DCMAKE_INSTALL_PREFIX=/home/carlos/mrad_ws_2609_echo/install/echo_control
[0.875s] Invoking command in '/home/carlos/mrad_ws_2609_echo/build/echo_control': CMAKE_PREFIX_PATH=${CMAKE_PREFIX_PATH}:/home/carlos/mrad_ws_2609_echo/install/echo_gazebo:/home/carlos/mrad_ws_2609_echo/install/echo_description:/home/carlos/mrad_ws_2609_echo/install/echo_bringup:/opt/ros/jazzy DEBUGINFOD_URLS=https://debuginfod.ubuntu.com /usr/bin/cmake --build /home/carlos/mrad_ws_2609_echo/build/echo_control -- -j16 -l16
[0.923s] Invoked command in '/home/carlos/mrad_ws_2609_echo/build/echo_control' returned '0': CMAKE_PREFIX_PATH=${CMAKE_PREFIX_PATH}:/home/carlos/mrad_ws_2609_echo/install/echo_gazebo:/home/carlos/mrad_ws_2609_echo/install/echo_description:/home/carlos/mrad_ws_2609_echo/install/echo_bringup:/opt/ros/jazzy DEBUGINFOD_URLS=https://debuginfod.ubuntu.com /usr/bin/cmake --build /home/carlos/mrad_ws_2609_echo/build/echo_control -- -j16 -l16
[0.935s] Invoking command in '/home/carlos/mrad_ws_2609_echo/build/echo_control': CMAKE_PREFIX_PATH=${CMAKE_PREFIX_PATH}:/home/carlos/mrad_ws_2609_echo/install/echo_gazebo:/home/carlos/mrad_ws_2609_echo/install/echo_description:/home/carlos/mrad_ws_2609_echo/install/echo_bringup:/opt/ros/jazzy DEBUGINFOD_URLS=https://debuginfod.ubuntu.com /usr/bin/cmake --install /home/carlos/mrad_ws_2609_echo/build/echo_control
[0.946s] -- Install configuration: ""
[0.946s] -- Execute custom install script
[0.946s] -- Symlinking: /home/carlos/mrad_ws_2609_echo/install/echo_control/share/ament_index/resource_index/package_run_dependencies/echo_control
[0.956s] -- Symlinking: /home/carlos/mrad_ws_2609_echo/install/echo_control/share/ament_index/resource_index/parent_prefix_path/echo_control
[0.966s] -- Symlinking: /home/carlos/mrad_ws_2609_echo/install/echo_control/share/echo_control/environment/ament_prefix_path.sh
[0.973s] -- Symlinking: /home/carlos/mrad_ws_2609_echo/install/echo_control/share/echo_control/environment/ament_prefix_path.dsv
[0.982s] -- Symlinking: /home/carlos/mrad_ws_2609_echo/install/echo_control/share/echo_control/environment/path.sh
[0.991s] -- Symlinking: /home/carlos/mrad_ws_2609_echo/install/echo_control/share/echo_control/environment/path.dsv
[1.000s] -- Symlinking: /home/carlos/mrad_ws_2609_echo/install/echo_control/share/echo_control/local_setup.bash
[1.009s] -- Symlinking: /home/carlos/mrad_ws_2609_echo/install/echo_control/share/echo_control/local_setup.sh
[1.017s] -- Symlinking: /home/carlos/mrad_ws_2609_echo/install/echo_control/share/echo_control/local_setup.zsh
[1.024s] -- Symlinking: /home/carlos/mrad_ws_2609_echo/install/echo_control/share/echo_control/local_setup.dsv
[1.032s] -- Symlinking: /home/carlos/mrad_ws_2609_echo/install/echo_control/share/echo_control/package.dsv
[1.040s] -- Symlinking: /home/carlos/mrad_ws_2609_echo/install/echo_control/share/ament_index/resource_index/packages/echo_control
[1.047s] -- Symlinking: /home/carlos/mrad_ws_2609_echo/install/echo_control/share/echo_control/cmake/echo_controlConfig.cmake
[1.056s] -- Symlinking: /home/carlos/mrad_ws_2609_echo/install/echo_control/share/echo_control/cmake/echo_controlConfig-version.cmake
[1.063s] -- Symlinking: /home/carlos/mrad_ws_2609_echo/install/echo_control/share/echo_control/package.xml
[1.073s] Invoked command in '/home/carlos/mrad_ws_2609_echo/build/echo_control' returned '0': CMAKE_PREFIX_PATH=${CMAKE_PREFIX_PATH}:/home/carlos/mrad_ws_2609_echo/install/echo_gazebo:/home/carlos/mrad_ws_2609_echo/install/echo_description:/home/carlos/mrad_ws_2609_echo/install/echo_bringup:/opt/ros/jazzy DEBUGINFOD_URLS=https://debuginfod.ubuntu.com /usr/bin/cmake --install /home/carlos/mrad_ws_2609_echo/build/echo_control
